<?xml version="1.0" encoding="UTF-8"?>
<!-- Generated by org.testng.reporters.JUnitXMLReporter -->
<testsuite ignored="0" hostname="DESKTOP-FD1GFM2" failures="2" tests="2" name="test SimpleForm demo page" time="0.039" errors="0" timestamp="2023-10-01T14:16:42 WAT">
  <testcase classname="Regression.testSimpleFormDemo" name="clickSimpleForm" time="0.002">
    <failure type="java.lang.NoSuchMethodError" message="org.openqa.selenium.support.PageFactory.initElements(Lorg/openqa/selenium/SearchContext;Ljava/lang/Object;)V">
      <![CDATA[java.lang.NoSuchMethodError: org.openqa.selenium.support.PageFactory.initElements(Lorg/openqa/selenium/SearchContext;Ljava/lang/Object;)V
at PageObjects.SimpleFormDemo.<init>(SimpleFormDemo.java:17)
at Regression.testSimpleFormDemo.clickSimpleForm(testSimpleFormDemo.java:17)
at java.base/java.util.ArrayList.forEach(ArrayList.java:1541)
... Removed 26 stack frames]]>
    </failure>
  </testcase> <!-- clickSimpleForm -->
  <testcase classname="Regression.testSimpleFormDemo" name="validateInputFieldText" time="0.0">
    <failure type="java.lang.NoClassDefFoundError" message="org/apache/poi/xssf/usermodel/XSSFWorkbook">
      <![CDATA[java.lang.NoClassDefFoundError: org/apache/poi/xssf/usermodel/XSSFWorkbook
at Utils.Globals.getWorkbook(Globals.java:56)
at Regression.testSimpleFormDemo.validateInputFieldText(testSimpleFormDemo.java:28)
at java.base/java.util.ArrayList.forEach(ArrayList.java:1541)
Caused by: java.lang.ClassNotFoundException: org.apache.poi.xssf.usermodel.XSSFWorkbook
at java.base/jdk.internal.loader.BuiltinClassLoader.loadClass(BuiltinClassLoader.java:581)
at java.base/jdk.internal.loader.ClassLoaders$AppClassLoader.loadClass(ClassLoaders.java:178)
at java.base/java.lang.ClassLoader.loadClass(ClassLoader.java:521)
... 29 more
... Removed 26 stack frames]]>
    </failure>
  </testcase> <!-- validateInputFieldText -->
</testsuite> <!-- test SimpleForm demo page -->
